<?xml version="1.0" encoding="UTF-8"?>
<testng-results ignored="0" total="1" passed="1" failed="0" skipped="0">
  <reporter-output>
  </reporter-output>
  <suite started-at="2026-03-17T19:24:50 IST" name="SwagLabs" finished-at="2026-03-17T19:25:05 IST" duration-ms="14874">
    <groups>
      <group name="Sanity">
        <method signature="ATC_001_LoginApplication.Login_Application()[pri:0, instance:com.qa.ATC.ATC_001_LoginApplication@43cf6ea3]" name="Login_Application" class="com.qa.ATC.ATC_001_LoginApplication"/>
      </group> <!-- Sanity -->
      <group name="Regression">
        <method signature="ATC_001_LoginApplication.Login_Application()[pri:0, instance:com.qa.ATC.ATC_001_LoginApplication@43cf6ea3]" name="Login_Application" class="com.qa.ATC.ATC_001_LoginApplication"/>
      </group> <!-- Regression -->
    </groups>
    <test started-at="2026-03-17T19:24:50 IST" name="Regression" finished-at="2026-03-17T19:25:05 IST" duration-ms="14874">
      <class name="com.qa.ATC.ATC_001_LoginApplication">
        <test-method is-config="true" signature="Beforesuite()[pri:0, instance:com.qa.ATC.ATC_001_LoginApplication@43cf6ea3]" started-at="2026-03-17T19:24:44 IST" name="Beforesuite" finished-at="2026-03-17T19:24:50 IST" duration-ms="5434" status="PASS">
          <reporter-output>
          </reporter-output>
        </test-method> <!-- Beforesuite -->
        <test-method is-config="true" signature="Test()[pri:0, instance:com.qa.ATC.ATC_001_LoginApplication@43cf6ea3]" started-at="2026-03-17T19:24:50 IST" name="Test" finished-at="2026-03-17T19:24:50 IST" duration-ms="7" status="PASS">
          <reporter-output>
          </reporter-output>
        </test-method> <!-- Test -->
        <test-method is-config="true" signature="beforeTC(java.lang.reflect.Method)[pri:0, instance:com.qa.ATC.ATC_001_LoginApplication@43cf6ea3]" started-at="2026-03-17T19:24:50 IST" name="beforeTC" finished-at="2026-03-17T19:24:50 IST" duration-ms="8" status="PASS">
          <params>
            <param index="0">
              <value>
                <![CDATA[public void com.qa.ATC.ATC_001_LoginApplication.Login_Application() throws java.lang.InterruptedException,java.io.IOException]]>
              </value>
            </param>
          </params>
          <reporter-output>
          </reporter-output>
        </test-method> <!-- beforeTC -->
        <test-method signature="Login_Application()[pri:0, instance:com.qa.ATC.ATC_001_LoginApplication@43cf6ea3]" started-at="2026-03-17T19:24:50 IST" name="Login_Application" finished-at="2026-03-17T19:24:57 IST" duration-ms="6703" status="PASS">
          <reporter-output>
          </reporter-output>
        </test-method> <!-- Login_Application -->
        <test-method is-config="true" signature="CloseDriver()[pri:0, instance:com.qa.ATC.ATC_001_LoginApplication@43cf6ea3]" started-at="2026-03-17T19:24:59 IST" name="CloseDriver" finished-at="2026-03-17T19:25:05 IST" duration-ms="6029" status="PASS">
          <reporter-output>
          </reporter-output>
        </test-method> <!-- CloseDriver -->
        <test-method is-config="true" signature="AfterSuite()[pri:0, instance:com.qa.ATC.ATC_001_LoginApplication@43cf6ea3]" started-at="2026-03-17T19:25:05 IST" name="AfterSuite" finished-at="2026-03-17T19:25:05 IST" duration-ms="8" status="PASS">
          <reporter-output>
          </reporter-output>
        </test-method> <!-- AfterSuite -->
      </class> <!-- com.qa.ATC.ATC_001_LoginApplication -->
    </test> <!-- Regression -->
  </suite> <!-- SwagLabs -->
</testng-results>
